<?xml version="1.0" encoding="UTF-8"?>
<!-- Generated by org.testng.reporters.JUnitReportReporter -->
<testsuite skipped="0" hostname="EliteLinkinSoft" name="Executions.EditExecutions" tests="1" failures="0" timestamp="10 Apr 2018 13:35:17 GMT" time="80.270" errors="0">
  <testcase name="Signin" time="80.270" classname="Executions.EditExecutions"/>
</testsuite> <!-- Executions.EditExecutions -->
