<?xml version="1.0" encoding="UTF-8"?>
<!-- Generated by org.testng.reporters.JUnitReportReporter -->
<testsuite skipped="0" hostname="DESKTOP-OADTHBB" name="Executions.AddressExecutions" tests="1" failures="0" timestamp="24 Apr 2018 13:54:54 GMT" time="171.887" errors="0">
  <testcase name="addressEx" time="171.887" classname="Executions.AddressExecutions"/>
</testsuite> <!-- Executions.AddressExecutions -->
